<?xml version="1.0" encoding="UTF-8"?>
<!-- Generated by org.testng.reporters.JUnitReportReporter -->
<testsuite hostname="LAPTOP-2UIO7L6A" name="com.turn.ttorrent.client.PeersStorageTest" tests="3" failures="0" timestamp="11 Jun 2025 16:53:41 GMT" time="0.102" errors="0">
  <testcase name="testThatPeersStorageReturnNewCollection" time="0.000" classname="com.turn.ttorrent.client.PeersStorageTest"/>
  <testcase name="getSetSelfTest" time="0.000" classname="com.turn.ttorrent.client.PeersStorageTest"/>
  <testcase name="getAndRemoveSharingPeersTest" time="0.102" classname="com.turn.ttorrent.client.PeersStorageTest"/>
</testsuite> <!-- com.turn.ttorrent.client.PeersStorageTest -->
