<?xml version="1.0" encoding="UTF-8"?>
<!-- Generated by org.testng.reporters.JUnitReportReporter -->
<testsuite hostname="LAPTOP-2UIO7L6A" name="com.turn.ttorrent.client.strategy.RequestStrategyImplAnyInterestingTest" tests="3" failures="0" timestamp="11 Jun 2025 16:53:41 GMT" time="0.001" errors="0">
  <testcase name="choosePieceOneInterestingTest" time="0.000" classname="com.turn.ttorrent.client.strategy.RequestStrategyImplAnyInterestingTest"/>
  <testcase name="choosePieceTest" time="0.000" classname="com.turn.ttorrent.client.strategy.RequestStrategyImplAnyInterestingTest"/>
  <testcase name="choosePieceNoInterestingTest" time="0.001" classname="com.turn.ttorrent.client.strategy.RequestStrategyImplAnyInterestingTest"/>
</testsuite> <!-- com.turn.ttorrent.client.strategy.RequestStrategyImplAnyInterestingTest -->
