<?xml version="1.0" encoding="UTF-8"?>
<!-- Generated by org.testng.reporters.JUnitReportReporter -->
<testsuite hostname="LAPTOP-2UIO7L6A" name="com.turn.ttorrent.client.storage.FairPieceStorageFactoryTest" tests="1" failures="0" timestamp="11 Jun 2025 16:53:41 GMT" time="11.451" errors="0">
  <testcase name="testCreatingStorageForLargeFile" time="11.451" classname="com.turn.ttorrent.client.storage.FairPieceStorageFactoryTest"/>
</testsuite> <!-- com.turn.ttorrent.client.storage.FairPieceStorageFactoryTest -->
