<?xml version="1.0" encoding="UTF-8"?>
<!-- Generated by org.testng.reporters.JUnitReportReporter -->
<testsuite hostname="LAPTOP-2UIO7L6A" name="com.turn.ttorrent.client.EventDispatcherTest" tests="2" failures="0" timestamp="11 Jun 2025 16:53:41 GMT" time="0.391" errors="0">
  <testcase name="testInvocation" time="0.046" classname="com.turn.ttorrent.client.EventDispatcherTest"/>
  <testcase name="testWithoutListeners" time="0.345" classname="com.turn.ttorrent.client.EventDispatcherTest"/>
</testsuite> <!-- com.turn.ttorrent.client.EventDispatcherTest -->
