<?xml version="1.0" encoding="UTF-8"?>
<!-- Generated by org.testng.reporters.JUnitReportReporter -->
<testsuite hostname="LAPTOP-2UIO7L6A" name="com.turn.ttorrent.client.storage.PieceStorageImplTest" tests="3" failures="0" timestamp="11 Jun 2025 16:53:41 GMT" time="0.011" errors="0">
  <testcase name="testFullStorage" time="0.002" classname="com.turn.ttorrent.client.storage.PieceStorageImplTest"/>
  <testcase name="testReadUnavailablePiece" time="0.009" classname="com.turn.ttorrent.client.storage.PieceStorageImplTest"/>
  <testcase name="testStorage" time="0.000" classname="com.turn.ttorrent.client.storage.PieceStorageImplTest"/>
</testsuite> <!-- com.turn.ttorrent.client.storage.PieceStorageImplTest -->
