<?xml version="1.0" encoding="UTF-8"?>
<!-- Generated by org.testng.reporters.JUnitReportReporter -->
<testsuite hostname="LAPTOP-2UIO7L6A" name="com.turn.ttorrent.client.network.HandshakeReceiverTest" tests="1" failures="0" timestamp="11 Jun 2025 16:53:41 GMT" time="0.394" errors="0">
  <testcase name="testReceiveHandshake" time="0.394" classname="com.turn.ttorrent.client.network.HandshakeReceiverTest"/>
</testsuite> <!-- com.turn.ttorrent.client.network.HandshakeReceiverTest -->
