<?xml version="1.0" encoding="UTF-8"?>
<!-- Generated by org.testng.reporters.JUnitReportReporter -->
<testsuite hostname="LAPTOP-2UIO7L6A" name="com.turn.ttorrent.tracker.MultiAnnounceRequestProcessorTest" tests="1" failures="0" timestamp="11 Jun 2025 16:53:24 GMT" time="1.007" errors="0">
  <testcase name="processCorrectTest" time="1.007" classname="com.turn.ttorrent.tracker.MultiAnnounceRequestProcessorTest"/>
</testsuite> <!-- com.turn.ttorrent.tracker.MultiAnnounceRequestProcessorTest -->
