<?xml version="1.0" encoding="UTF-8"?>
<!-- Generated by org.testng.reporters.JUnitReportReporter -->
<testsuite hostname="LAPTOP-2UIO7L6A" name="com.turn.ttorrent.tracker.TorrentsRepositoryTest" tests="4" failures="0" timestamp="11 Jun 2025 16:53:24 GMT" time="0.019" errors="0">
  <testcase name="testThatCleanupDontLockAllTorrentsAndStorage" time="0.016" classname="com.turn.ttorrent.tracker.TorrentsRepositoryTest"/>
  <testcase name="testThatTorrentsStoredInRepository" time="0.001" classname="com.turn.ttorrent.tracker.TorrentsRepositoryTest"/>
  <testcase name="testThatTorrentsCanRemovedFromStorage" time="0.002" classname="com.turn.ttorrent.tracker.TorrentsRepositoryTest"/>
  <testcase name="testPutIfAbsentAndUpdate" time="0.000" classname="com.turn.ttorrent.tracker.TorrentsRepositoryTest"/>
</testsuite> <!-- com.turn.ttorrent.tracker.TorrentsRepositoryTest -->
